INFO - 
OP -> Recuperation Data : START
INFO - 
OP -> Recuperation Data : START
INFO - 
OP -> Recuperation Data : START
INFO - 
OP -> Recuperation Data : START
INFO - OP -> Command Window: is started
INFO - OP -> Add account: START
INFO - OP -> Add account: CANCELLED

INFO - OP -> Memorisation: START
INFO - OP -> Settings: START
INFO - OP -> Verrouillage : password OK
INFO - OP -> Verrouillage : data SAVED
INFO - 
OP -> Recuperation Data : START
INFO - 
OP -> Recuperation Data : START
INFO - 
OP -> Recuperation Data : START
INFO - 
OP -> Recuperation Data : START
INFO - 
OP -> Recuperation Data : START
INFO - OP -> Command Window: is started
INFO - OP -> Add account: START
INFO - OP -> Add account: ADDED

INFO - OP -> Research: START
INFO - OP -> Add account: START
INFO - OP -> Add account: ADDED

INFO - OP -> Settings: START
INFO - 
OP -> Recuperation Data : START
INFO - OP -> Command Window: is started
INFO - OP -> Settings: START
INFO - OP -> Settings: START
INFO - OP -> Add account: START
INFO - OP -> Add account: CANCELLED

INFO - OP -> Verrouillage : password OK
INFO - OP -> Verrouillage : data SAVED
INFO - 
OP -> Recuperation Data : START
INFO - OP -> Command Window: is started
INFO - OP -> Settings: START
INFO - OP -> Verrouillage : password OK
INFO - OP -> Verrouillage : data SAVED
INFO - 
OP -> Recuperation Data : START
INFO - OP -> Command Window: is started
INFO - OP -> Add account: START
INFO - OP -> Add account: ADDED

INFO - OP -> Verrouillage : password OK
INFO - OP -> Verrouillage : data SAVED
INFO - 
OP -> Recuperation Data : START
INFO - OP -> Command Window: is started
INFO - OP -> Add account: START
INFO - OP -> Add account: ADDED

INFO - OP -> Settings: START
INFO - OP -> Research: START
INFO - OP -> Settings: START
INFO - 
OP -> Recuperation Data : START
INFO - OP -> Command Window: is started
INFO - OP -> Research: START
INFO - 
OP -> Recuperation Data : START
INFO - 
OP -> Recuperation Data : START
INFO - OP -> Command Window: is started
INFO - OP -> Research: START
INFO - OP -> Verrouillage : password OK
INFO - OP -> Verrouillage : data SAVED
INFO - 
OP -> Recuperation Data : START
INFO - OP -> Command Window: is started
INFO - OP -> Research: START
INFO - 
OP -> Recuperation Data : START
INFO - OP -> Command Window: is started
INFO - OP -> Research: START
INFO - OP -> Add account: START
INFO - OP -> Add account: CANCELLED

INFO - 
OP -> Recuperation Data : START
INFO - 
OP -> Recuperation Data : START
INFO - OP -> Command Window: is started
INFO - OP -> Research: START
INFO - OP -> Add account: START
INFO - OP -> Add account: CANCELLED

INFO - 
OP -> Recuperation Data : START
INFO - OP -> Command Window: is started
